<?xml version="1.0" encoding="UTF-8"?>
<!-- Generated by org.testng.reporters.JUnitReportReporter -->
<testsuite hostname="dlulsharm08502" name="automationFramework.Framework_001" tests="1" failures="0" timestamp="22 Apr 2014 09:16:48 GMT" time="67.181" errors="0">
  <testcase name="main" time="67.181" classname="automationFramework.Framework_001"/>
</testsuite> <!-- automationFramework.Framework_001 -->
