<?xml version="1.0" encoding="UTF-8"?>
<!-- Generated by org.testng.reporters.JUnitReportReporter -->
<testsuite hostname="dlulsharm08502" name="automationFramework.Framework_002" tests="1" failures="0" timestamp="21 Apr 2014 08:18:04 GMT" time="59.013" errors="0">
  <testcase name="f" time="59.013" classname="automationFramework.Framework_002"/>
</testsuite> <!-- automationFramework.Framework_002 -->
